  FEM.cpp
C:\Users\sasha\source\repos\UMF_3\UMF_3\FEM.cpp(141,13): warning C4101: l: неиспользованная локальная переменная
C:\Users\sasha\source\repos\UMF_3\UMF_3\FEM.cpp(177,21): warning C4101: l3: неиспользованная локальная переменная
C:\Users\sasha\source\repos\UMF_3\UMF_3\FEM.cpp(177,13): warning C4101: l1: неиспользованная локальная переменная
C:\Users\sasha\source\repos\UMF_3\UMF_3\FEM.cpp(177,17): warning C4101: l2: неиспользованная локальная переменная
C:\Users\sasha\source\repos\UMF_3\UMF_3\FEM.cpp(177,25): warning C4101: l4: неиспользованная локальная переменная
C:\Users\sasha\source\repos\UMF_3\UMF_3\FEM.cpp(311,43): warning C4018: <: несоответствие типов со знаком и без знака
C:\Users\sasha\source\repos\UMF_3\UMF_3\FEM.cpp(326,27): warning C4018: <: несоответствие типов со знаком и без знака
C:\Users\sasha\source\repos\UMF_3\UMF_3\FEM.cpp(331,27): warning C4018: <: несоответствие типов со знаком и без знака
C:\Users\sasha\source\repos\UMF_3\UMF_3\FEM.cpp(343,31): warning C4018: <: несоответствие типов со знаком и без знака
  Functi.cpp
  Grid.cpp
  Solver.cpp
  UMF_3.cpp
C:\Users\sasha\source\repos\UMF_3\UMF_3\FEM.cpp(141,13): warning C4101: l: неиспользованная локальная переменная
C:\Users\sasha\source\repos\UMF_3\UMF_3\FEM.cpp(177,21): warning C4101: l3: неиспользованная локальная переменная
C:\Users\sasha\source\repos\UMF_3\UMF_3\FEM.cpp(177,13): warning C4101: l1: неиспользованная локальная переменная
C:\Users\sasha\source\repos\UMF_3\UMF_3\FEM.cpp(177,17): warning C4101: l2: неиспользованная локальная переменная
C:\Users\sasha\source\repos\UMF_3\UMF_3\FEM.cpp(177,25): warning C4101: l4: неиспользованная локальная переменная
C:\Users\sasha\source\repos\UMF_3\UMF_3\FEM.cpp(311,43): warning C4018: <: несоответствие типов со знаком и без знака
C:\Users\sasha\source\repos\UMF_3\UMF_3\FEM.cpp(326,27): warning C4018: <: несоответствие типов со знаком и без знака
C:\Users\sasha\source\repos\UMF_3\UMF_3\FEM.cpp(331,27): warning C4018: <: несоответствие типов со знаком и без знака
C:\Users\sasha\source\repos\UMF_3\UMF_3\FEM.cpp(343,31): warning C4018: <: несоответствие типов со знаком и без знака
  Создание кода...
C:\Users\sasha\source\repos\UMF_3\UMF_3\Grid.cpp(135): warning C4715: Grid::inSubArea: значение возвращается не при всех путях выполнения
C:\Users\sasha\source\repos\UMF_3\UMF_3\Functi.h(39): warning C4715: Functi_1::us: значение возвращается не при всех путях выполнения
C:\Users\sasha\source\repos\UMF_3\UMF_3\Functi.h(53): warning C4715: Functi_1::uc: значение возвращается не при всех путях выполнения
  UMF_3.vcxproj -> C:\Users\sasha\source\repos\UMF_3\Debug\UMF_3.exe
